TN:
SF:src\router.ts
FN:38,(anonymous_0)
FN:58,(anonymous_1)
FNF:2
FNH:2
FNDA:4,(anonymous_0)
FNDA:5,(anonymous_1)
DA:1,2
DA:2,2
DA:10,2
DA:11,2
DA:13,2
DA:17,2
DA:19,2
DA:26,2
DA:38,4
DA:45,2
DA:58,5
DA:69,2
DA:76,2
DA:83,2
LF:14
LH:14
BRF:0
BRH:0
end_of_record
TN:
SF:src\server.ts
FN:7,connectDB
FN:28,(anonymous_2)
FNF:2
FNH:2
FNDA:2,connectDB
FNDA:1,(anonymous_2)
DA:1,2
DA:3,2
DA:4,2
DA:8,2
DA:9,2
DA:10,1
DA:21,2
DA:24,2
DA:25,2
DA:26,2
DA:28,2
DA:29,1
DA:32,2
LF:13
LH:13
BRF:0
BRH:0
end_of_record
TN:
SF:src\config\db.ts
FNF:0
FNH:0
DA:1,2
DA:2,2
DA:4,2
DA:6,2
DA:11,2
LF:5
LH:5
BRF:0
BRH:0
end_of_record
TN:
SF:src\handlers\product.ts
FN:5,(anonymous_1)
FN:14,(anonymous_2)
FN:28,(anonymous_3)
FN:33,(anonymous_4)
FN:49,(anonymous_5)
FN:67,(anonymous_6)
FNF:6
FNH:5
FNDA:2,(anonymous_1)
FNDA:2,(anonymous_2)
FNDA:1,(anonymous_3)
FNDA:2,(anonymous_4)
FNDA:2,(anonymous_5)
FNDA:0,(anonymous_6)
DA:2,2
DA:5,2
DA:6,2
DA:11,2
DA:14,2
DA:15,2
DA:16,2
DA:18,2
DA:19,1
DA:22,1
DA:25,1
DA:28,2
DA:29,1
DA:30,1
DA:33,2
DA:34,2
DA:35,2
DA:38,2
DA:39,1
DA:42,1
DA:44,1
DA:45,1
DA:46,1
DA:49,2
DA:50,2
DA:51,2
DA:54,2
DA:55,1
DA:58,1
DA:62,1
DA:63,1
DA:64,1
DA:67,2
DA:68,0
DA:69,0
DA:72,0
DA:73,0
DA:76,0
DA:79,0
DA:80,0
LF:40
LH:33
BRDA:18,0,0,1
BRDA:38,1,0,1
BRDA:54,2,0,1
BRDA:72,3,0,0
BRF:4
BRH:3
end_of_record
TN:
SF:src\middleware\index.ts
FN:4,(anonymous_0)
FNF:1
FNH:1
FNDA:14,(anonymous_0)
DA:2,2
DA:4,2
DA:9,14
DA:11,14
DA:12,7
DA:13,7
DA:16,7
LF:7
LH:7
BRDA:11,0,0,7
BRF:1
BRH:1
end_of_record
TN:
SF:src\models\Product.model.ts
FNF:0
FNH:0
DA:1,2
DA:6,2
DA:10,2
DA:15,2
DA:21,2
DA:24,2
LF:6
LH:6
BRF:0
BRH:0
end_of_record
